2019-06-10 03:39:59 INFO  Istanbul hello-from-istanbul
2019-06-10 03:39:59 WARN  Istanbul hello-from-istanbul
2019-06-10 03:39:59 ERROR Istanbul hello-from-istanbul
2019-06-10 03:39:59 FATAL Istanbul hello-from-istanbul
2019-06-10 03:45:22 INFO  Tokyo hello-from-tokyo
2019-06-10 03:45:22 WARN  Tokyo hello-from-tokyo
2019-06-10 03:45:22 ERROR Tokyo hello-from-tokyo
2019-06-10 03:45:22 FATAL Tokyo hello-from-tokyo
2019-06-10 03:45:36 INFO  Moscow hello-from-moscow
2019-06-10 03:45:36 WARN  Moscow hello-from-moscow
2019-06-10 03:45:36 ERROR Moscow hello-from-moscow
2019-06-10 03:45:36 FATAL Moscow hello-from-moscow
2019-06-10 03:45:53 INFO  Beijing hello-from-beijing
2019-06-10 03:45:53 WARN  Beijing hello-from-beijing
2019-06-10 03:45:53 ERROR Beijing hello-from-beijing
2019-06-10 03:45:53 FATAL Beijing hello-from-beijing
2019-06-10 03:46:02 INFO  London hello-from-london
2019-06-10 03:46:02 WARN  London hello-from-london
2019-06-10 03:46:02 ERROR London hello-from-london
2019-06-10 03:46:02 FATAL London hello-from-london
